c:\users\color\src\latino-json\visualstudio\jansson\jansson.dir\release\value.obj
c:\users\color\src\latino-json\visualstudio\jansson\jansson.dir\release\utf.obj
c:\users\color\src\latino-json\visualstudio\jansson\jansson.dir\release\strconv.obj
c:\users\color\src\latino-json\visualstudio\jansson\jansson.dir\release\strbuffer.obj
c:\users\color\src\latino-json\visualstudio\jansson\jansson.dir\release\pack_unpack.obj
c:\users\color\src\latino-json\visualstudio\jansson\jansson.dir\release\memory.obj
c:\users\color\src\latino-json\visualstudio\jansson\jansson.dir\release\load.obj
c:\users\color\src\latino-json\visualstudio\jansson\jansson.dir\release\hashtable_seed.obj
c:\users\color\src\latino-json\visualstudio\jansson\jansson.dir\release\hashtable.obj
c:\users\color\src\latino-json\visualstudio\jansson\jansson.dir\release\error.obj
c:\users\color\src\latino-json\visualstudio\jansson\jansson.dir\release\dump.obj
c:\users\color\src\latino-json\visualstudio\jansson\cmakefiles\generate.stamp
c:\users\color\src\latino-json\visualstudio\jansson\lib\release\jansson.lib
c:\users\color\src\latino-json\visualstudio\jansson\jansson.dir\release\jansson.tlog\cl.command.1.tlog
c:\users\color\src\latino-json\visualstudio\jansson\jansson.dir\release\jansson.tlog\cl.read.1.tlog
c:\users\color\src\latino-json\visualstudio\jansson\jansson.dir\release\jansson.tlog\cl.write.1.tlog
c:\users\color\src\latino-json\visualstudio\jansson\jansson.dir\release\jansson.tlog\custombuild.command.1.tlog
c:\users\color\src\latino-json\visualstudio\jansson\jansson.dir\release\jansson.tlog\custombuild.read.1.tlog
c:\users\color\src\latino-json\visualstudio\jansson\jansson.dir\release\jansson.tlog\custombuild.write.1.tlog
c:\users\color\src\latino-json\visualstudio\jansson\jansson.dir\release\jansson.tlog\lib-link.read.1.tlog
c:\users\color\src\latino-json\visualstudio\jansson\jansson.dir\release\jansson.tlog\lib-link.write.1.tlog
c:\users\color\src\latino-json\visualstudio\jansson\jansson.dir\release\jansson.tlog\lib.command.1.tlog
